<?xml version="1.0" encoding="UTF-8"?>
<testng-results skipped="0" failed="0" ignored="8" total="20" passed="12">
  <reporter-output>
  </reporter-output>
  <suite name="Suite" duration-ms="144" started-at="2020-02-07T13:23:23 EST" finished-at="2020-02-07T13:23:23 EST">
    <groups>
      <group name="sanity">
        <method signature="TS1.SanityTestCase1()[pri:0, instance:MavenProject.Assignment_Selenium.TS1@cd2dae5]" name="SanityTestCase1" class="MavenProject.Assignment_Selenium.TS1"/>
        <method signature="TS1.SanityTestCase2()[pri:0, instance:MavenProject.Assignment_Selenium.TS1@cd2dae5]" name="SanityTestCase2" class="MavenProject.Assignment_Selenium.TS1"/>
        <method signature="TS1.SanityTestCase3()[pri:0, instance:MavenProject.Assignment_Selenium.TS1@cd2dae5]" name="SanityTestCase3" class="MavenProject.Assignment_Selenium.TS1"/>
        <method signature="TS2.SanityTestCase1()[pri:0, instance:MavenProject.Assignment_Selenium.TS2@3a883ce7]" name="SanityTestCase1" class="MavenProject.Assignment_Selenium.TS2"/>
        <method signature="TS2.SanityTestCase2()[pri:0, instance:MavenProject.Assignment_Selenium.TS2@3a883ce7]" name="SanityTestCase2" class="MavenProject.Assignment_Selenium.TS2"/>
        <method signature="TS2.SanityTestCase3()[pri:0, instance:MavenProject.Assignment_Selenium.TS2@3a883ce7]" name="SanityTestCase3" class="MavenProject.Assignment_Selenium.TS2"/>
        <method signature="TS3.SanityTestCase1()[pri:0, instance:MavenProject.Assignment_Selenium.TS3@4973813a]" name="SanityTestCase1" class="MavenProject.Assignment_Selenium.TS3"/>
        <method signature="TS3.SanityTestCase2()[pri:0, instance:MavenProject.Assignment_Selenium.TS3@4973813a]" name="SanityTestCase2" class="MavenProject.Assignment_Selenium.TS3"/>
        <method signature="TS3.SanityTestCase3()[pri:0, instance:MavenProject.Assignment_Selenium.TS3@4973813a]" name="SanityTestCase3" class="MavenProject.Assignment_Selenium.TS3"/>
        <method signature="TS4.SanityTestCase1()[pri:0, instance:MavenProject.Assignment_Selenium.TS4@6321e813]" name="SanityTestCase1" class="MavenProject.Assignment_Selenium.TS4"/>
        <method signature="TS4.SanityTestCase2()[pri:0, instance:MavenProject.Assignment_Selenium.TS4@6321e813]" name="SanityTestCase2" class="MavenProject.Assignment_Selenium.TS4"/>
        <method signature="TS4.SanityTestCase3()[pri:0, instance:MavenProject.Assignment_Selenium.TS4@6321e813]" name="SanityTestCase3" class="MavenProject.Assignment_Selenium.TS4"/>
      </group> <!-- sanity -->
    </groups>
    <test name="Test" duration-ms="144" started-at="2020-02-07T13:23:23 EST" finished-at="2020-02-07T13:23:23 EST">
      <class name="MavenProject.Assignment_Selenium.TS4">
        <test-method status="PASS" signature="SanityTestCase1()[pri:0, instance:MavenProject.Assignment_Selenium.TS4@6321e813]" name="SanityTestCase1" duration-ms="2" started-at="2020-02-07T13:23:23 EST" finished-at="2020-02-07T13:23:23 EST">
          <reporter-output>
          </reporter-output>
        </test-method> <!-- SanityTestCase1 -->
        <test-method status="PASS" signature="SanityTestCase2()[pri:0, instance:MavenProject.Assignment_Selenium.TS4@6321e813]" name="SanityTestCase2" duration-ms="3" started-at="2020-02-07T13:23:23 EST" finished-at="2020-02-07T13:23:23 EST">
          <reporter-output>
          </reporter-output>
        </test-method> <!-- SanityTestCase2 -->
        <test-method status="PASS" signature="SanityTestCase3()[pri:0, instance:MavenProject.Assignment_Selenium.TS4@6321e813]" name="SanityTestCase3" duration-ms="1" started-at="2020-02-07T13:23:23 EST" finished-at="2020-02-07T13:23:23 EST">
          <reporter-output>
          </reporter-output>
        </test-method> <!-- SanityTestCase3 -->
      </class> <!-- MavenProject.Assignment_Selenium.TS4 -->
      <class name="MavenProject.Assignment_Selenium.TS3">
        <test-method status="PASS" signature="SanityTestCase1()[pri:0, instance:MavenProject.Assignment_Selenium.TS3@4973813a]" name="SanityTestCase1" duration-ms="1" started-at="2020-02-07T13:23:23 EST" finished-at="2020-02-07T13:23:23 EST">
          <reporter-output>
          </reporter-output>
        </test-method> <!-- SanityTestCase1 -->
        <test-method status="PASS" signature="SanityTestCase2()[pri:0, instance:MavenProject.Assignment_Selenium.TS3@4973813a]" name="SanityTestCase2" duration-ms="2" started-at="2020-02-07T13:23:23 EST" finished-at="2020-02-07T13:23:23 EST">
          <reporter-output>
          </reporter-output>
        </test-method> <!-- SanityTestCase2 -->
        <test-method status="PASS" signature="SanityTestCase3()[pri:0, instance:MavenProject.Assignment_Selenium.TS3@4973813a]" name="SanityTestCase3" duration-ms="2" started-at="2020-02-07T13:23:23 EST" finished-at="2020-02-07T13:23:23 EST">
          <reporter-output>
          </reporter-output>
        </test-method> <!-- SanityTestCase3 -->
      </class> <!-- MavenProject.Assignment_Selenium.TS3 -->
      <class name="MavenProject.Assignment_Selenium.TS2">
        <test-method status="PASS" signature="SanityTestCase1()[pri:0, instance:MavenProject.Assignment_Selenium.TS2@3a883ce7]" name="SanityTestCase1" duration-ms="1" started-at="2020-02-07T13:23:23 EST" finished-at="2020-02-07T13:23:23 EST">
          <reporter-output>
          </reporter-output>
        </test-method> <!-- SanityTestCase1 -->
        <test-method status="PASS" signature="SanityTestCase2()[pri:0, instance:MavenProject.Assignment_Selenium.TS2@3a883ce7]" name="SanityTestCase2" duration-ms="2" started-at="2020-02-07T13:23:23 EST" finished-at="2020-02-07T13:23:23 EST">
          <reporter-output>
          </reporter-output>
        </test-method> <!-- SanityTestCase2 -->
        <test-method status="PASS" signature="SanityTestCase3()[pri:0, instance:MavenProject.Assignment_Selenium.TS2@3a883ce7]" name="SanityTestCase3" duration-ms="2" started-at="2020-02-07T13:23:23 EST" finished-at="2020-02-07T13:23:23 EST">
          <reporter-output>
          </reporter-output>
        </test-method> <!-- SanityTestCase3 -->
      </class> <!-- MavenProject.Assignment_Selenium.TS2 -->
      <class name="MavenProject.Assignment_Selenium.TS1">
        <test-method status="PASS" signature="SanityTestCase1()[pri:0, instance:MavenProject.Assignment_Selenium.TS1@cd2dae5]" name="SanityTestCase1" duration-ms="15" started-at="2020-02-07T13:23:23 EST" finished-at="2020-02-07T13:23:23 EST">
          <reporter-output>
          </reporter-output>
        </test-method> <!-- SanityTestCase1 -->
        <test-method status="PASS" signature="SanityTestCase2()[pri:0, instance:MavenProject.Assignment_Selenium.TS1@cd2dae5]" name="SanityTestCase2" duration-ms="3" started-at="2020-02-07T13:23:23 EST" finished-at="2020-02-07T13:23:23 EST">
          <reporter-output>
          </reporter-output>
        </test-method> <!-- SanityTestCase2 -->
        <test-method status="PASS" signature="SanityTestCase3()[pri:0, instance:MavenProject.Assignment_Selenium.TS1@cd2dae5]" name="SanityTestCase3" duration-ms="3" started-at="2020-02-07T13:23:23 EST" finished-at="2020-02-07T13:23:23 EST">
          <reporter-output>
          </reporter-output>
        </test-method> <!-- SanityTestCase3 -->
      </class> <!-- MavenProject.Assignment_Selenium.TS1 -->
    </test> <!-- Test -->
  </suite> <!-- Suite -->
</testng-results>
