<?xml version="1.0" encoding="UTF-8"?>
<!-- Generated by org.testng.reporters.JUnitXMLReporter -->
<testsuite hostname="Roshanhoskere" ignored="0" name="Default test" tests="5" failures="0" timestamp="2020-02-07T13:08:37 EST" time="0.098" errors="0">
  <testcase name="RegressionTestCase1" time="0.017" classname="MavenProject.Assignment_Selenium.TS1"/>
  <testcase name="RegressionTestCase2" time="0.002" classname="MavenProject.Assignment_Selenium.TS1"/>
  <testcase name="SanityTestCase1" time="0.002" classname="MavenProject.Assignment_Selenium.TS1"/>
  <testcase name="SanityTestCase2" time="0.002" classname="MavenProject.Assignment_Selenium.TS1"/>
  <testcase name="SanityTestCase3" time="0.004" classname="MavenProject.Assignment_Selenium.TS1"/>
</testsuite> <!-- Default test -->
