<?xml version="1.0" encoding="UTF-8"?>
<!-- Generated by org.testng.reporters.JUnitXMLReporter -->
<testsuite hostname="Roshanhoskere" ignored="8" name="Test" tests="12" failures="0" timestamp="2020-02-07T13:23:23 EST" time="0.144" errors="0">
  <testcase name="SanityTestCase1" time="0.015" classname="MavenProject.Assignment_Selenium.TS1"/>
  <testcase name="SanityTestCase2" time="0.003" classname="MavenProject.Assignment_Selenium.TS1"/>
  <testcase name="SanityTestCase3" time="0.003" classname="MavenProject.Assignment_Selenium.TS1"/>
  <testcase name="SanityTestCase1" time="0.001" classname="MavenProject.Assignment_Selenium.TS2"/>
  <testcase name="SanityTestCase2" time="0.002" classname="MavenProject.Assignment_Selenium.TS2"/>
  <testcase name="SanityTestCase3" time="0.002" classname="MavenProject.Assignment_Selenium.TS2"/>
  <testcase name="SanityTestCase1" time="0.001" classname="MavenProject.Assignment_Selenium.TS3"/>
  <testcase name="SanityTestCase2" time="0.002" classname="MavenProject.Assignment_Selenium.TS3"/>
  <testcase name="SanityTestCase3" time="0.002" classname="MavenProject.Assignment_Selenium.TS3"/>
  <testcase name="SanityTestCase1" time="0.002" classname="MavenProject.Assignment_Selenium.TS4"/>
  <testcase name="SanityTestCase2" time="0.003" classname="MavenProject.Assignment_Selenium.TS4"/>
  <testcase name="SanityTestCase3" time="0.001" classname="MavenProject.Assignment_Selenium.TS4"/>
  <testcase name="RegressionTestCase2" time="0.0" classname="MavenProject.Assignment_Selenium.TS1">
    <ignored/>
  </testcase> <!-- RegressionTestCase2 -->
  <testcase name="RegressionTestCase1" time="0.0" classname="MavenProject.Assignment_Selenium.TS2">
    <ignored/>
  </testcase> <!-- RegressionTestCase1 -->
  <testcase name="RegressionTestCase2" time="0.0" classname="MavenProject.Assignment_Selenium.TS3">
    <ignored/>
  </testcase> <!-- RegressionTestCase2 -->
  <testcase name="RegressionTestCase1" time="0.0" classname="MavenProject.Assignment_Selenium.TS4">
    <ignored/>
  </testcase> <!-- RegressionTestCase1 -->
  <testcase name="RegressionTestCase1" time="0.0" classname="MavenProject.Assignment_Selenium.TS1">
    <ignored/>
  </testcase> <!-- RegressionTestCase1 -->
  <testcase name="RegressionTestCase2" time="0.0" classname="MavenProject.Assignment_Selenium.TS2">
    <ignored/>
  </testcase> <!-- RegressionTestCase2 -->
  <testcase name="RegressionTestCase1" time="0.0" classname="MavenProject.Assignment_Selenium.TS3">
    <ignored/>
  </testcase> <!-- RegressionTestCase1 -->
  <testcase name="RegressionTestCase2" time="0.0" classname="MavenProject.Assignment_Selenium.TS4">
    <ignored/>
  </testcase> <!-- RegressionTestCase2 -->
</testsuite> <!-- Test -->
